# JRE version: OpenJDK Runtime Environment Microsoft-13106358 (17.0.18+8) (build 17.0.18+8-LTS)
# Java VM: OpenJDK 64-Bit Server VM Microsoft-13106358 (17.0.18+8-LTS, mixed mode, sharing, tiered, compressed oops, compressed class ptrs, g1 gc, windows-amd64)
GC Precious Log:
 CPUs: 8 total, 8 available
 Memory: 16197M
 Large Page Support: Disabled
 NUMA Support: Disabled
 Compressed Oops: Enabled (Zero based)
 Heap Region Size: 2M
 Heap Min Capacity: 8M
 Heap Initial Capacity: 254M
 Heap Max Capacity: 4G
 Pre-touch: Disabled
 Parallel Workers: 8
 Concurrent Workers: 2
 Concurrent Refinement Workers: 8
 Periodic GC: Disabled
Heap:
 garbage-first heap   total 591872K, used 490645K [0x0000000700000000, 0x0000000800000000)
  region size 2048K, 55 young (112640K), 6 survivors (12288K)
 Metaspace       used 211926K, committed 214208K, reserved 1048576K
  class space    used 26743K, committed 27776K, reserved 851968K
GC Heap History (20 events):
Event: 51.332 GC heap before
{Heap before GC invocations=68 (full 0):
 garbage-first heap   total 591872K, used 480125K [0x0000000700000000, 0x0000000800000000)
  region size 2048K, 106 young (217088K), 9 survivors (18432K)
 Metaspace       used 182216K, committed 183872K, reserved 1048576K
  class space    used 22621K, committed 23424K, reserved 851968K
}
Event: 51.341 GC heap after
{Heap after GC invocations=69 (full 0):
 garbage-first heap   total 591872K, used 296397K [0x0000000700000000, 0x0000000800000000)
  region size 2048K, 14 young (28672K), 14 survivors (28672K)
 Metaspace       used 182216K, committed 183872K, reserved 1048576K
  class space    used 22621K, committed 23424K, reserved 851968K
}
Event: 54.551 GC heap before
{Heap before GC invocations=69 (full 0):
 garbage-first heap   total 591872K, used 482765K [0x0000000700000000, 0x0000000800000000)
  region size 2048K, 105 young (215040K), 14 survivors (28672K)
 Metaspace       used 188962K, committed 190656K, reserved 1048576K
  class space    used 23606K, committed 24448K, reserved 851968K
}
Event: 54.564 GC heap after
{Heap after GC invocations=70 (full 0):
 garbage-first heap   total 591872K, used 307394K [0x0000000700000000, 0x0000000800000000)
  region size 2048K, 5 young (10240K), 5 survivors (10240K)
 Metaspace       used 188962K, committed 190656K, reserved 1048576K
  class space    used 23606K, committed 24448K, reserved 851968K
}
Event: 56.571 GC heap before
{Heap before GC invocations=70 (full 0):
 garbage-first heap   total 591872K, used 487618K [0x0000000700000000, 0x0000000800000000)
  region size 2048K, 93 young (190464K), 5 survivors (10240K)
 Metaspace       used 197447K, committed 199232K, reserved 1048576K
  class space    used 24875K, committed 25728K, reserved 851968K
}
Event: 56.581 GC heap after
{Heap after GC invocations=71 (full 0):
 garbage-first heap   total 591872K, used 314851K [0x0000000700000000, 0x0000000800000000)
  region size 2048K, 9 young (18432K), 9 survivors (18432K)
 Metaspace       used 197447K, committed 199232K, reserved 1048576K
  class space    used 24875K, committed 25728K, reserved 851968K
}
Event: 59.241 GC heap before
{Heap before GC invocations=71 (full 0):
 garbage-first heap   total 591872K, used 493027K [0x0000000700000000, 0x0000000800000000)
  region size 2048K, 96 young (196608K), 9 survivors (18432K)
 Metaspace       used 200134K, committed 202112K, reserved 1048576K
  class space    used 25319K, committed 26240K, reserved 851968K
}
Event: 59.256 GC heap after
{Heap after GC invocations=72 (full 0):
 garbage-first heap   total 591872K, used 333824K [0x0000000700000000, 0x0000000800000000)
  region size 2048K, 12 young (24576K), 12 survivors (24576K)
 Metaspace       used 200134K, committed 202112K, reserved 1048576K
  class space    used 25319K, committed 26240K, reserved 851968K
}
Event: 60.116 GC heap before
{Heap before GC invocations=72 (full 0):
 garbage-first heap   total 591872K, used 493568K [0x0000000700000000, 0x0000000800000000)
  region size 2048K, 90 young (184320K), 12 survivors (24576K)
 Metaspace       used 200209K, committed 202176K, reserved 1048576K
  class space    used 25323K, committed 26240K, reserved 851968K
}
Event: 60.129 GC heap after
{Heap after GC invocations=73 (full 0):
 garbage-first heap   total 591872K, used 340986K [0x0000000700000000, 0x0000000800000000)
  region size 2048K, 5 young (10240K), 5 survivors (10240K)
 Metaspace       used 200209K, committed 202176K, reserved 1048576K
  class space    used 25323K, committed 26240K, reserved 851968K
}
Event: 61.622 GC heap before
{Heap before GC invocations=73 (full 0):
 garbage-first heap   total 591872K, used 494586K [0x0000000700000000, 0x0000000800000000)
  region size 2048K, 81 young (165888K), 5 survivors (10240K)
 Metaspace       used 201015K, committed 203008K, reserved 1048576K
  class space    used 25434K, committed 26368K, reserved 851968K
}
Event: 61.630 GC heap after
{Heap after GC invocations=74 (full 0):
 garbage-first heap   total 591872K, used 353237K [0x0000000700000000, 0x0000000800000000)
  region size 2048K, 11 young (22528K), 11 survivors (22528K)
 Metaspace       used 201015K, committed 203008K, reserved 1048576K
  class space    used 25434K, committed 26368K, reserved 851968K
}
Event: 64.507 GC heap before
{Heap before GC invocations=74 (full 0):
 garbage-first heap   total 591872K, used 496597K [0x0000000700000000, 0x0000000800000000)
  region size 2048K, 82 young (167936K), 11 survivors (22528K)
 Metaspace       used 202523K, committed 204608K, reserved 1048576K
  class space    used 25652K, committed 26624K, reserved 851968K
}
Event: 64.518 GC heap after
{Heap after GC invocations=75 (full 0):
 garbage-first heap   total 591872K, used 370170K [0x0000000700000000, 0x0000000800000000)
  region size 2048K, 10 young (20480K), 10 survivors (20480K)
 Metaspace       used 202523K, committed 204608K, reserved 1048576K
  class space    used 25652K, committed 26624K, reserved 851968K
}
Event: 65.242 GC heap before
{Heap before GC invocations=75 (full 0):
 garbage-first heap   total 591872K, used 493050K [0x0000000700000000, 0x0000000800000000)
  region size 2048K, 71 young (145408K), 10 survivors (20480K)
 Metaspace       used 202533K, committed 204608K, reserved 1048576K
  class space    used 25652K, committed 26624K, reserved 851968K
}
Event: 65.249 GC heap after
{Heap after GC invocations=76 (full 0):
 garbage-first heap   total 591872K, used 374101K [0x0000000700000000, 0x0000000800000000)
  region size 2048K, 4 young (8192K), 4 survivors (8192K)
 Metaspace       used 202533K, committed 204608K, reserved 1048576K
  class space    used 25652K, committed 26624K, reserved 851968K
}
Event: 65.895 GC heap before
{Heap before GC invocations=76 (full 0):
 garbage-first heap   total 591872K, used 499029K [0x0000000700000000, 0x0000000800000000)
  region size 2048K, 65 young (133120K), 4 survivors (8192K)
 Metaspace       used 202761K, committed 204928K, reserved 1048576K
  class space    used 25681K, committed 26688K, reserved 851968K
}
Event: 65.901 GC heap after
{Heap after GC invocations=77 (full 0):
 garbage-first heap   total 591872K, used 386256K [0x0000000700000000, 0x0000000800000000)
  region size 2048K, 9 young (18432K), 9 survivors (18432K)
 Metaspace       used 202761K, committed 204928K, reserved 1048576K
  class space    used 25681K, committed 26688K, reserved 851968K
}
Event: 67.130 GC heap before
{Heap before GC invocations=77 (full 0):
 garbage-first heap   total 591872K, used 494800K [0x0000000700000000, 0x0000000800000000)
  region size 2048K, 63 young (129024K), 9 survivors (18432K)
 Metaspace       used 203779K, committed 205888K, reserved 1048576K
  class space    used 25834K, committed 26816K, reserved 851968K
}
Event: 67.139 GC heap after
{Heap after GC invocations=78 (full 0):
 garbage-first heap   total 591872K, used 394389K [0x0000000700000000, 0x0000000800000000)
  region size 2048K, 6 young (12288K), 6 survivors (12288K)
 Metaspace       used 203779K, committed 205888K, reserved 1048576K
  class space    used 25834K, committed 26816K, reserved 851968K
}

